C51 COMPILER V7.50   MAIN                                                                  06/10/2013 10:37:52 PAGE 1   


C51 COMPILER V7.50, COMPILATION OF MODULE MAIN
OBJECT MODULE PLACED IN main.OBJ
COMPILER INVOKED BY: C:\Keil\C51\BIN\C51.EXE main.c BROWSE DEBUG OBJECTEXTEND

line level    source

   1          //****************************************************************//
   2          //         DHT21使用范例 
   3          //单片机 AT89S52 或 STC89C52RC 
   4          //功能   串口发送温湿度数据 晶振 11.0592M 波特率 9600 
   5          //硬件   P2.0口为通讯口连接DHT22,DHT22的电源和地连接单片机的电源和地，单片机串口加MAX232连接电脑 
   6          //****************************************************************//
   7          
   8          #include <reg51.h>
   9          #include <intrins.h> 
  10          //
  11          typedef unsigned char  U8;       /* defined for unsigned 8-bits integer variable          无符号8位整型变量  */
  12          typedef signed   char  S8;       /* defined for signed 8-bits integer variable            有符号8位整型变量  */
  13          typedef unsigned int   U16;      /* defined for unsigned 16-bits integer variable         无符号16位整型变量 */
  14          typedef signed   int   S16;      /* defined for signed 16-bits integer variable           有符号16位整型变量 */
  15          typedef unsigned long  U32;      /* defined for unsigned 32-bits integer variable         无符号32位整型变量 */
  16          typedef signed   long  S32;      /* defined for signed 32-bits integer variable           有符号32位整型变量 */
  17          typedef float          F32;      /* single precision floating point variable (32bits) 单精度浮点数（32位长
             -度） */
  18          typedef double         F64;      /* double precision floating point variable (64bits) 双精度浮点数（64位长
             -度） */
  19          //
  20          #define uchar unsigned char
  21          #define uint unsigned int
  22          #define   Data_0_time    4
  23          
  24          //----------------------------------------------//
  25          //----------------IO口定义区--------------------//
  26          //----------------------------------------------//
  27          sbit  P2_0  = P2^0 ;
  28          
  29          //----------------------------------------------//
  30          //----------------定义区--------------------//
  31          //----------------------------------------------//
  32          U8  U8FLAG,k;
  33          U8  U8count,U8temp;
  34          U8  U8T_data_H,U8T_data_L,U8RH_data_H,U8RH_data_L,U8checkdata;
  35          U8  U8T_data_H_temp,U8T_data_L_temp,U8RH_data_H_temp,U8RH_data_L_temp,U8checkdata_temp;
  36          U8  U8comdata;
  37          U8  outdata[5];  //定义发送的字节数        
  38          U8  indata[5];
  39          U8  count, count_r=0;
  40          U8 str[5]={"RS232"};
  41          U16 U16temp1,U16temp2;
  42          SendData(U8 *a)
  43          {
  44   1              outdata[0] = a[0]; 
  45   1              outdata[1] = a[1];
  46   1              outdata[2] = a[2];
  47   1              outdata[3] = a[3];
  48   1              outdata[4] = a[4];
  49   1              count = 1;
  50   1              SBUF=outdata[0];
  51   1      }
  52          
  53                 void Delay(U16 j)
C51 COMPILER V7.50   MAIN                                                                  06/10/2013 10:37:52 PAGE 2   

  54              {      U8 i;
  55   1                  for(;j>0;j--)
  56   1                {     
  57   2                      for(i=0;i<27;i++);
  58   2      
  59   2                }
  60   1          }
  61                void  Delay_10us(void)
  62                {
  63   1              U8 i;
  64   1              i--;
  65   1              i--;
  66   1              i--;
  67   1              i--;
  68   1              i--;
  69   1              i--;
  70   1      
  71   1             }
  72                  
  73                  void  COM(void)
  74                {
  75   1           
  76   1                      U8 i;
  77   1                
  78   1             for(i=0;i<8;i++)    
  79   1                  {
  80   2                      
  81   2                          U8FLAG=2;   
  82   2                      while((!P2_0)&&U8FLAG++);
  83   2                              Delay_10us();
  84   2                  Delay_10us();                               
  85   2                  Delay_10us();
  86   2                              U8temp=0;
  87   2                   if(P2_0)U8temp=1;
  88   2                          U8FLAG=2;
  89   2                       while((P2_0)&&U8FLAG++);
  90   2                      //超时则跳出for循环               
  91   2                       if(U8FLAG==1)break;
  92   2                      //判断数据位是0还是1     
  93   2                         
  94   2                      // 如果高电平高过预定0高电平值则数据位为 1 
  95   2                       
  96   2                         U8comdata<<=1;
  97   2                         U8comdata|=U8temp;        //0
  98   2                   }//rof
  99   1                 
 100   1              }
 101          
 102                  //--------------------------------
 103                  //-----湿度读取子程序 ------------
 104                  //--------------------------------
 105                  //----以下变量均为全局变量--------
 106                  //----温度高8位== U8T_data_H------
 107                  //----温度低8位== U8T_data_L------
 108                  //----湿度高8位== U8RH_data_H-----
 109                  //----湿度低8位== U8RH_data_L-----
 110                  //----校验 8位 == U8checkdata-----
 111                  //----调用相关子程序如下----------
 112                  //---- Delay();, Delay_10us();,COM(); 
 113                  //--------------------------------
 114          
 115                  void RH(void)
C51 COMPILER V7.50   MAIN                                                                  06/10/2013 10:37:52 PAGE 3   

 116                  {
 117   1                //主机拉低18ms 
 118   1             P2_0=0;
 119   1                 Delay(180);
 120   1                 P2_0=1;
 121   1               //总线由上拉电阻拉高 主机延时20us
 122   1                 Delay_10us();
 123   1                 Delay_10us();
 124   1             Delay_10us();
 125   1                 Delay_10us();            
 126   1               //主机设为输入 判断从机响应信号 
 127   1                 P2_0=1;
 128   1               //判断从机是否有低电平响应信号 如不响应则跳出，响应则向下运行    
 129   1                 if(!P2_0)             //T !    
 130   1                 {
 131   2                 U8FLAG=2;
 132   2               //判断从机是否发出 80us 的低电平响应信号是否结束        
 133   2                 while((!P2_0)&&U8FLAG++);
 134   2                 U8FLAG=2;
 135   2               //判断从机是否发出 80us 的高电平，如发出则进入数据接收状态
 136   2                 while((P2_0)&&U8FLAG++);
 137   2               //数据接收状态          
 138   2                 COM();
 139   2                 U8RH_data_H_temp=U8comdata;
 140   2                 COM();
 141   2                 U8RH_data_L_temp=U8comdata;
 142   2                 COM();
 143   2                 U8T_data_H_temp=U8comdata;
 144   2                 COM();
 145   2                 U8T_data_L_temp=U8comdata;
 146   2                 COM();
 147   2                 U8checkdata_temp=U8comdata;
 148   2                 P2_0=1;
 149   2               //数据校验 
 150   2               
 151   2                 U8temp=(U8T_data_H_temp+U8T_data_L_temp+U8RH_data_H_temp+U8RH_data_L_temp);
 152   2                 if(U8temp==U8checkdata_temp)
 153   2                 {
 154   3                        U8RH_data_H=U8RH_data_H_temp;
 155   3                        U8RH_data_L=U8RH_data_L_temp;
 156   3                        U8T_data_H=U8T_data_H_temp;
 157   3                        U8T_data_L=U8T_data_L_temp;
 158   3                        U8checkdata=U8checkdata_temp;
 159   3                 }//fi
 160   2                 }//fi
 161   1      
 162   1              }
 163                  
 164          //----------------------------------------------
 165          //main()功能描述:  AT89C51  11.0592MHz  串口发 
 166          //送温湿度数据,波特率 9600 
 167          //----------------------------------------------
 168          void main()
 169          {       
 170   1              //uchar str[6]={"RS232"};
 171   1              /* 系统初始化 */
 172   1              TMOD = 0x20;      //定时器T1使用工作方式2
 173   1              TH1 = 253;        // 设置初值
 174   1              TL1 = 253;
 175   1              TR1 = 1;          // 开始计时
 176   1              SCON = 0x50;      //工作方式1，波特率9600bps，允许接收   
 177   1              ES = 1;
C51 COMPILER V7.50   MAIN                                                                  06/10/2013 10:37:52 PAGE 4   

 178   1              EA = 1;           // 打开所以中断   
 179   1              TI = 0;
 180   1              RI = 0;
 181   1              SendData(str) ;   //发送到串口 
 182   1              Delay(10);         //延时100US（12M晶振)
 183   1              while(1)
 184   1              {  
 185   2      
 186   2                 //------------------------
 187   2                 //调用温湿度读取子程序 
 188   2                 RH();
 189   2                 //串口显示程序 
 190   2                 //--------------------------
 191   2      
 192   2                 str[0]=U8RH_data_H;
 193   2                 str[1]=U8RH_data_L;
 194   2                 str[2]=U8T_data_H;
 195   2                 str[3]=U8T_data_L;
 196   2                 str[4]=U8checkdata;
 197   2             
 198   2             SendData(str) ;  //发送到串口  
 199   2                 //读取模块数据周期不宜小于 2S 
 200   2                 Delay(20000);
 201   2              }//elihw
 202   1              
 203   1      }// main
 204          
 205          void RSINTR() interrupt 4 using 2
 206          {
 207   1              U8 InPut3;
 208   1              if(TI==1) //发送中断      
 209   1              {
 210   2                      TI=0;
 211   2                      if(count!=5) //发送完5位数据     
 212   2                      {
 213   3                              SBUF= outdata[count];
 214   3                              count++;
 215   3                      }
 216   2              }
 217   1      
 218   1              if(RI==1)        //接收中断               
 219   1              {       
 220   2                      InPut3=SBUF;
 221   2                      indata[count_r]=InPut3;
 222   2                      count_r++;
 223   2                      RI=0;                                                            
 224   2                      if (count_r==5)//接收完4位数据 
 225   2                      {
 226   3                      //数据接收完毕处理。
 227   3                              count_r=0;
 228   3                      str[0]=indata[0];
 229   3                       str[1]=indata[1];
 230   3                         str[2]=indata[2];
 231   3                               str[3]=indata[3];
 232   3                                       str[4]=indata[4];
 233   3                                       P0=0;
 234   3                      }
 235   2              }
 236   1      }
 237          


C51 COMPILER V7.50   MAIN                                                                  06/10/2013 10:37:52 PAGE 5   

MODULE INFORMATION:   STATIC OVERLAYABLE
   CODE SIZE        =    405    ----
   CONSTANT SIZE    =   ----    ----
   XDATA SIZE       =   ----    ----
   PDATA SIZE       =   ----    ----
   DATA SIZE        =     36       1
   IDATA SIZE       =   ----    ----
   BIT SIZE         =   ----    ----
END OF MODULE INFORMATION.


C51 COMPILATION COMPLETE.  0 WARNING(S),  0 ERROR(S)
